<?xml version="1.0" encoding="UTF-8"?>
<!-- Generated by org.testng.reporters.JUnitReportReporter -->
<testsuite skipped="0" hostname="SIXNS210" name="Runners.Run" tests="1" failures="0" timestamp="2023-12-29T08:38:44 CET" time="76.455" errors="0">
  <testcase name="runScenario" time="76.455" classname="Runners.Run"/>
  <system-out/>
</testsuite> <!-- Runners.Run -->
